[0.008s] Invoking command in '/home/yzyrobot/dev_ws/src/tutorial_interfaces/build/tutorial_interfaces': CMAKE_PREFIX_PATH=/opt/ros/galactic /usr/bin/cmake /home/yzyrobot/dev_ws/src/tutorial_interfaces -DCMAKE_INSTALL_PREFIX=/home/yzyrobot/dev_ws/src/tutorial_interfaces/install/tutorial_interfaces
[0.041s] -- The C compiler identification is GNU 9.4.0
[0.071s] -- The CXX compiler identification is GNU 9.4.0
[0.074s] -- Check for working C compiler: /usr/bin/cc
[0.128s] -- Check for working C compiler: /usr/bin/cc -- works
[0.129s] -- Detecting C compiler ABI info
[0.193s] -- Detecting C compiler ABI info - done
[0.209s] -- Detecting C compile features
[0.209s] -- Detecting C compile features - done
[0.212s] -- Check for working CXX compiler: /usr/bin/c++
[0.286s] -- Check for working CXX compiler: /usr/bin/c++ -- works
[0.286s] -- Detecting CXX compiler ABI info
[0.369s] -- Detecting CXX compiler ABI info - done
[0.376s] -- Detecting CXX compile features
[0.376s] -- Detecting CXX compile features - done
[0.377s] -- Found ament_cmake: 1.1.5 (/opt/ros/galactic/share/ament_cmake/cmake)
[0.400s] -- Found PythonInterp: /usr/bin/python3 (found suitable version "3.8.10", minimum required is "3") 
[0.400s] -- Using PYTHON_EXECUTABLE: /usr/bin/python3
[0.450s] -- Found geometry_msgs: 2.2.4 (/opt/ros/galactic/share/geometry_msgs/cmake)
[0.465s] -- Using all available rosidl_typesupport_c: rosidl_typesupport_fastrtps_c;rosidl_typesupport_introspection_c
[0.469s] -- Found rosidl_adapter: 2.2.2 (/opt/ros/galactic/share/rosidl_adapter/cmake)
[0.508s] -- Found OpenSSL: /usr/lib/x86_64-linux-gnu/libcrypto.so (found version "1.1.1f")  
[0.524s] -- Found FastRTPS: /opt/ros/galactic/include  
[0.566s] -- Using all available rosidl_typesupport_cpp: rosidl_typesupport_fastrtps_cpp;rosidl_typesupport_introspection_cpp
[0.614s] -- Found rosidl_default_generators: 1.1.1 (/opt/ros/galactic/share/rosidl_default_generators/cmake)
[0.633s] -- Found PythonInterp: /usr/bin/python3 (found version "3.8.10") 
[0.734s] -- Found ament_cmake_ros: 0.9.2 (/opt/ros/galactic/share/ament_cmake_ros/cmake)
[0.868s] -- Using all available rosidl_typesupport_c: rosidl_typesupport_fastrtps_c;rosidl_typesupport_introspection_c
[0.929s] -- Using all available rosidl_typesupport_cpp: rosidl_typesupport_fastrtps_cpp;rosidl_typesupport_introspection_cpp
[0.944s] -- Found PythonInterp: /usr/bin/python3 (found suitable version "3.8.10", minimum required is "3.5") 
[0.944s] -- Found python_cmake_module: 0.8.1 (/opt/ros/galactic/share/python_cmake_module/cmake)
[0.959s] -- Found PythonLibs: /usr/lib/x86_64-linux-gnu/libpython3.8.so (found suitable version "3.8.10", minimum required is "3.5") 
[0.959s] -- Using PYTHON_EXECUTABLE: /usr/bin/python3
[0.959s] -- Using PYTHON_INCLUDE_DIRS: /usr/include/python3.8
[0.959s] -- Using PYTHON_LIBRARIES: /usr/lib/x86_64-linux-gnu/libpython3.8.so
[0.971s] -- Found PythonExtra: .so  
[1.014s] -- Found ament_lint_auto: 0.10.7 (/opt/ros/galactic/share/ament_lint_auto/cmake)
[1.024s] -- Added test 'copyright' to check source files copyright and LICENSE
[1.028s] -- Added test 'cppcheck' to perform static code analysis on C / C++ code
[1.029s] -- Configured cppcheck include dirs: $<BUILD_INTERFACE:/home/yzyrobot/dev_ws/src/tutorial_interfaces/build/tutorial_interfaces/rosidl_generator_c>;/home/yzyrobot/dev_ws/src/tutorial_interfaces/build/tutorial_interfaces/rosidl_generator_c;/home/yzyrobot/dev_ws/src/tutorial_interfaces/build/tutorial_interfaces/rosidl_generator_cpp;/home/yzyrobot/dev_ws/src/tutorial_interfaces/build/tutorial_interfaces/rosidl_typesupport_fastrtps_c;/home/yzyrobot/dev_ws/src/tutorial_interfaces/build/tutorial_interfaces/rosidl_typesupport_fastrtps_cpp;$<BUILD_INTERFACE:/home/yzyrobot/dev_ws/src/tutorial_interfaces/build/tutorial_interfaces/rosidl_typesupport_introspection_c>;$<BUILD_INTERFACE:/home/yzyrobot/dev_ws/src/tutorial_interfaces/build/tutorial_interfaces/rosidl_typesupport_c>;$<BUILD_INTERFACE:/home/yzyrobot/dev_ws/src/tutorial_interfaces/build/tutorial_interfaces/rosidl_generator_cpp>;/home/yzyrobot/dev_ws/src/tutorial_interfaces/build/tutorial_interfaces/rosidl_generator_py
[1.029s] -- Configured cppcheck exclude dirs and/or files: 
[1.032s] -- Added test 'cpplint' to check C / C++ code against the Google style
[1.032s] -- Configured cpplint exclude dirs and/or files: 
[1.033s] -- Added test 'flake8' to check Python code syntax and style conventions
[1.034s] -- Added test 'lint_cmake' to check CMake code style
[1.034s] -- Added test 'pep257' to check Python code against some of the style conventions in PEP 257
[1.037s] -- Added test 'uncrustify' to check C / C++ code style
[1.037s] -- Configured uncrustify additional arguments: 
[1.038s] -- Added test 'xmllint' to check XML markup files
[1.041s] -- Configuring done
[1.072s] -- Generating done
[1.074s] -- Build files have been written to: /home/yzyrobot/dev_ws/src/tutorial_interfaces/build/tutorial_interfaces
[1.081s] Invoked command in '/home/yzyrobot/dev_ws/src/tutorial_interfaces/build/tutorial_interfaces' returned '0': CMAKE_PREFIX_PATH=/opt/ros/galactic /usr/bin/cmake /home/yzyrobot/dev_ws/src/tutorial_interfaces -DCMAKE_INSTALL_PREFIX=/home/yzyrobot/dev_ws/src/tutorial_interfaces/install/tutorial_interfaces
[1.081s] Invoking command in '/home/yzyrobot/dev_ws/src/tutorial_interfaces/build/tutorial_interfaces': CMAKE_PREFIX_PATH=/opt/ros/galactic /usr/bin/cmake --build /home/yzyrobot/dev_ws/src/tutorial_interfaces/build/tutorial_interfaces -- -j16 -l16
[1.104s] [35m[1mScanning dependencies of target tutorial_interfaces__cpp[0m
[1.104s] [  2%] [34m[1mGenerating C code for ROS interfaces[0m
[1.111s] [  4%] [34m[1mGenerating C++ code for ROS interfaces[0m
[1.296s] [  4%] Built target tutorial_interfaces__cpp
[1.302s] [35m[1mScanning dependencies of target tutorial_interfaces__rosidl_generator_c[0m
[1.302s] [  6%] [34m[1mGenerating C++ type support for eProsima Fast-RTPS[0m
[1.302s] [  8%] [34m[1mGenerating C++ type support dispatch for ROS interfaces[0m
[1.303s] [ 10%] [34m[1mGenerating C++ introspection for ROS interfaces[0m
[1.310s] [ 17%] [32mBuilding C object CMakeFiles/tutorial_interfaces__rosidl_generator_c.dir/rosidl_generator_c/tutorial_interfaces/msg/detail/num__functions.c.o[0m
[1.310s] [ 17%] [32mBuilding C object CMakeFiles/tutorial_interfaces__rosidl_generator_c.dir/rosidl_generator_c/tutorial_interfaces/srv/detail/add_three_ints__functions.c.o[0m
[1.310s] [ 17%] [32mBuilding C object CMakeFiles/tutorial_interfaces__rosidl_generator_c.dir/rosidl_generator_c/tutorial_interfaces/msg/detail/sphere__functions.c.o[0m
[1.343s] [ 19%] [32m[1mLinking C shared library libtutorial_interfaces__rosidl_generator_c.so[0m
[1.366s] [ 19%] Built target tutorial_interfaces__rosidl_generator_c
[1.373s] [ 23%] [34m[1mGenerating C type support dispatch for ROS interfaces[0m
[1.373s] [ 23%] [34m[1mGenerating C introspection for ROS interfaces[0m
[1.450s] [35m[1mScanning dependencies of target tutorial_interfaces__rosidl_typesupport_cpp[0m
[1.459s] [ 27%] [32mBuilding CXX object CMakeFiles/tutorial_interfaces__rosidl_typesupport_cpp.dir/rosidl_typesupport_cpp/tutorial_interfaces/srv/add_three_ints__type_support.cpp.o[0m
[1.459s] [ 27%] [32mBuilding CXX object CMakeFiles/tutorial_interfaces__rosidl_typesupport_cpp.dir/rosidl_typesupport_cpp/tutorial_interfaces/msg/sphere__type_support.cpp.o[0m
[1.460s] [ 29%] [32mBuilding CXX object CMakeFiles/tutorial_interfaces__rosidl_typesupport_cpp.dir/rosidl_typesupport_cpp/tutorial_interfaces/msg/num__type_support.cpp.o[0m
[1.467s] [35m[1mScanning dependencies of target tutorial_interfaces__rosidl_typesupport_introspection_cpp[0m
[1.476s] [ 31%] [32mBuilding CXX object CMakeFiles/tutorial_interfaces__rosidl_typesupport_introspection_cpp.dir/rosidl_typesupport_introspection_cpp/tutorial_interfaces/msg/detail/num__type_support.cpp.o[0m
[1.476s] [ 34%] [32mBuilding CXX object CMakeFiles/tutorial_interfaces__rosidl_typesupport_introspection_cpp.dir/rosidl_typesupport_introspection_cpp/tutorial_interfaces/srv/detail/add_three_ints__type_support.cpp.o[0m
[1.478s] [ 36%] [32mBuilding CXX object CMakeFiles/tutorial_interfaces__rosidl_typesupport_introspection_cpp.dir/rosidl_typesupport_introspection_cpp/tutorial_interfaces/msg/detail/sphere__type_support.cpp.o[0m
[1.489s] [35m[1mScanning dependencies of target tutorial_interfaces__rosidl_typesupport_fastrtps_cpp[0m
[1.502s] [ 38%] [32mBuilding CXX object CMakeFiles/tutorial_interfaces__rosidl_typesupport_fastrtps_cpp.dir/rosidl_typesupport_fastrtps_cpp/tutorial_interfaces/msg/detail/dds_fastrtps/num__type_support.cpp.o[0m
[1.502s] [ 42%] [32mBuilding CXX object CMakeFiles/tutorial_interfaces__rosidl_typesupport_fastrtps_cpp.dir/rosidl_typesupport_fastrtps_cpp/tutorial_interfaces/msg/detail/dds_fastrtps/sphere__type_support.cpp.o[0m
[1.503s] [ 42%] [32mBuilding CXX object CMakeFiles/tutorial_interfaces__rosidl_typesupport_fastrtps_cpp.dir/rosidl_typesupport_fastrtps_cpp/tutorial_interfaces/srv/detail/dds_fastrtps/add_three_ints__type_support.cpp.o[0m
[1.533s] [35m[1mScanning dependencies of target tutorial_interfaces__rosidl_typesupport_c[0m
[1.543s] [ 44%] [32mBuilding CXX object CMakeFiles/tutorial_interfaces__rosidl_typesupport_c.dir/rosidl_typesupport_c/tutorial_interfaces/msg/num__type_support.cpp.o[0m
[1.543s] [ 48%] [32mBuilding CXX object CMakeFiles/tutorial_interfaces__rosidl_typesupport_c.dir/rosidl_typesupport_c/tutorial_interfaces/msg/sphere__type_support.cpp.o[0m
[1.543s] [ 48%] [32mBuilding CXX object CMakeFiles/tutorial_interfaces__rosidl_typesupport_c.dir/rosidl_typesupport_c/tutorial_interfaces/srv/add_three_ints__type_support.cpp.o[0m
[1.570s] [ 51%] [32m[1mLinking CXX shared library libtutorial_interfaces__rosidl_typesupport_c.so[0m
[1.600s] [ 51%] Built target tutorial_interfaces__rosidl_typesupport_c
[1.607s] [35m[1mScanning dependencies of target tutorial_interfaces__rosidl_typesupport_introspection_c[0m
[1.619s] [ 53%] [32mBuilding C object CMakeFiles/tutorial_interfaces__rosidl_typesupport_introspection_c.dir/rosidl_typesupport_introspection_c/tutorial_interfaces/srv/detail/add_three_ints__type_support.c.o[0m
[1.619s] [ 57%] [32mBuilding C object CMakeFiles/tutorial_interfaces__rosidl_typesupport_introspection_c.dir/rosidl_typesupport_introspection_c/tutorial_interfaces/msg/detail/sphere__type_support.c.o[0m
[1.620s] [ 57%] [32mBuilding C object CMakeFiles/tutorial_interfaces__rosidl_typesupport_introspection_c.dir/rosidl_typesupport_introspection_c/tutorial_interfaces/msg/detail/num__type_support.c.o[0m
[1.649s] [ 59%] [32m[1mLinking C shared library libtutorial_interfaces__rosidl_typesupport_introspection_c.so[0m
[1.671s] [ 59%] Built target tutorial_interfaces__rosidl_typesupport_introspection_c
[1.724s] [ 61%] [32m[1mLinking CXX shared library libtutorial_interfaces__rosidl_typesupport_cpp.so[0m
[1.745s] [ 63%] [32m[1mLinking CXX shared library libtutorial_interfaces__rosidl_typesupport_introspection_cpp.so[0m
[1.750s] [ 63%] Built target tutorial_interfaces__rosidl_typesupport_cpp
[1.783s] [ 63%] Built target tutorial_interfaces__rosidl_typesupport_introspection_cpp
[1.831s] [ 65%] [32m[1mLinking CXX shared library libtutorial_interfaces__rosidl_typesupport_fastrtps_cpp.so[0m
[1.882s] [ 65%] Built target tutorial_interfaces__rosidl_typesupport_fastrtps_cpp
[1.888s] [ 68%] [34m[1mGenerating C type support for eProsima Fast-RTPS[0m
[2.055s] [35m[1mScanning dependencies of target tutorial_interfaces__rosidl_typesupport_fastrtps_c[0m
[2.065s] [ 70%] [32mBuilding CXX object CMakeFiles/tutorial_interfaces__rosidl_typesupport_fastrtps_c.dir/rosidl_typesupport_fastrtps_c/tutorial_interfaces/msg/detail/num__type_support_c.cpp.o[0m
[2.066s] [ 72%] [32mBuilding CXX object CMakeFiles/tutorial_interfaces__rosidl_typesupport_fastrtps_c.dir/rosidl_typesupport_fastrtps_c/tutorial_interfaces/msg/detail/sphere__type_support_c.cpp.o[0m
[2.066s] [ 74%] [32mBuilding CXX object CMakeFiles/tutorial_interfaces__rosidl_typesupport_fastrtps_c.dir/rosidl_typesupport_fastrtps_c/tutorial_interfaces/srv/detail/add_three_ints__type_support_c.cpp.o[0m
[2.270s] [ 76%] [32m[1mLinking CXX shared library libtutorial_interfaces__rosidl_typesupport_fastrtps_c.so[0m
[2.322s] [ 76%] Built target tutorial_interfaces__rosidl_typesupport_fastrtps_c
[2.328s] [35m[1mScanning dependencies of target tutorial_interfaces[0m
[2.334s] [ 76%] Built target tutorial_interfaces
[2.340s] [35m[1mScanning dependencies of target tutorial_interfaces__py[0m
[2.347s] [ 78%] [34m[1mGenerating Python code for ROS interfaces[0m
[2.681s] [ 78%] Built target tutorial_interfaces__py
[2.687s] [35m[1mScanning dependencies of target tutorial_interfaces__python[0m
[2.699s] [ 80%] [32mBuilding C object CMakeFiles/tutorial_interfaces__python.dir/rosidl_generator_py/tutorial_interfaces/msg/_num_s.c.o[0m
[2.699s] [ 82%] [32mBuilding C object CMakeFiles/tutorial_interfaces__python.dir/rosidl_generator_py/tutorial_interfaces/msg/_sphere_s.c.o[0m
[2.700s] [ 85%] [32mBuilding C object CMakeFiles/tutorial_interfaces__python.dir/rosidl_generator_py/tutorial_interfaces/srv/_add_three_ints_s.c.o[0m
[2.755s] [ 87%] [32m[1mLinking C shared library rosidl_generator_py/tutorial_interfaces/libtutorial_interfaces__python.so[0m
[2.781s] [ 87%] Built target tutorial_interfaces__python
[2.789s] [35m[1mScanning dependencies of target tutorial_interfaces__rosidl_typesupport_c__pyext[0m
[2.790s] [35m[1mScanning dependencies of target tutorial_interfaces__rosidl_typesupport_introspection_c__pyext[0m
[2.790s] [35m[1mScanning dependencies of target tutorial_interfaces__rosidl_typesupport_fastrtps_c__pyext[0m
[2.801s] [ 91%] [32mBuilding C object CMakeFiles/tutorial_interfaces__rosidl_typesupport_c__pyext.dir/rosidl_generator_py/tutorial_interfaces/_tutorial_interfaces_s.ep.rosidl_typesupport_c.c.o[0m
[2.801s] [ 91%] [32mBuilding C object CMakeFiles/tutorial_interfaces__rosidl_typesupport_introspection_c__pyext.dir/rosidl_generator_py/tutorial_interfaces/_tutorial_interfaces_s.ep.rosidl_typesupport_introspection_c.c.o[0m
[2.801s] [ 93%] [32mBuilding C object CMakeFiles/tutorial_interfaces__rosidl_typesupport_fastrtps_c__pyext.dir/rosidl_generator_py/tutorial_interfaces/_tutorial_interfaces_s.ep.rosidl_typesupport_fastrtps_c.c.o[0m
[2.854s] [100%] [32m[1mLinking C shared library rosidl_generator_py/tutorial_interfaces/tutorial_interfaces_s__rosidl_typesupport_c.cpython-38-x86_64-linux-gnu.so[0m
[2.854s] [100%] [32m[1mLinking C shared library rosidl_generator_py/tutorial_interfaces/tutorial_interfaces_s__rosidl_typesupport_introspection_c.cpython-38-x86_64-linux-gnu.so[0m
[2.854s] [100%] [32m[1mLinking CXX shared library rosidl_generator_py/tutorial_interfaces/tutorial_interfaces_s__rosidl_typesupport_fastrtps_c.cpython-38-x86_64-linux-gnu.so[0m
[2.877s] [100%] Built target tutorial_interfaces__rosidl_typesupport_c__pyext
[2.877s] [100%] Built target tutorial_interfaces__rosidl_typesupport_introspection_c__pyext
[2.894s] [100%] Built target tutorial_interfaces__rosidl_typesupport_fastrtps_c__pyext
[2.902s] Invoked command in '/home/yzyrobot/dev_ws/src/tutorial_interfaces/build/tutorial_interfaces' returned '0': CMAKE_PREFIX_PATH=/opt/ros/galactic /usr/bin/cmake --build /home/yzyrobot/dev_ws/src/tutorial_interfaces/build/tutorial_interfaces -- -j16 -l16
[2.946s] Invoking command in '/home/yzyrobot/dev_ws/src/tutorial_interfaces/build/tutorial_interfaces': CMAKE_PREFIX_PATH=/opt/ros/galactic /usr/bin/cmake --install /home/yzyrobot/dev_ws/src/tutorial_interfaces/build/tutorial_interfaces
[2.951s] -- Install configuration: ""
[2.952s] -- Installing: /home/yzyrobot/dev_ws/src/tutorial_interfaces/install/tutorial_interfaces/share/ament_index/resource_index/rosidl_interfaces/tutorial_interfaces
[2.952s] -- Installing: /home/yzyrobot/dev_ws/src/tutorial_interfaces/install/tutorial_interfaces/include/tutorial_interfaces
[2.952s] -- Installing: /home/yzyrobot/dev_ws/src/tutorial_interfaces/install/tutorial_interfaces/include/tutorial_interfaces/msg
[2.952s] -- Installing: /home/yzyrobot/dev_ws/src/tutorial_interfaces/install/tutorial_interfaces/include/tutorial_interfaces/msg/detail
[2.952s] -- Installing: /home/yzyrobot/dev_ws/src/tutorial_interfaces/install/tutorial_interfaces/include/tutorial_interfaces/msg/detail/sphere__type_support.h
[2.952s] -- Installing: /home/yzyrobot/dev_ws/src/tutorial_interfaces/install/tutorial_interfaces/include/tutorial_interfaces/msg/detail/sphere__functions.h
[2.952s] -- Installing: /home/yzyrobot/dev_ws/src/tutorial_interfaces/install/tutorial_interfaces/include/tutorial_interfaces/msg/detail/num__functions.h
[2.952s] -- Installing: /home/yzyrobot/dev_ws/src/tutorial_interfaces/install/tutorial_interfaces/include/tutorial_interfaces/msg/detail/num__struct.h
[2.952s] -- Installing: /home/yzyrobot/dev_ws/src/tutorial_interfaces/install/tutorial_interfaces/include/tutorial_interfaces/msg/detail/sphere__functions.c
[2.952s] -- Installing: /home/yzyrobot/dev_ws/src/tutorial_interfaces/install/tutorial_interfaces/include/tutorial_interfaces/msg/detail/num__type_support.h
[2.952s] -- Installing: /home/yzyrobot/dev_ws/src/tutorial_interfaces/install/tutorial_interfaces/include/tutorial_interfaces/msg/detail/num__functions.c
[2.952s] -- Installing: /home/yzyrobot/dev_ws/src/tutorial_interfaces/install/tutorial_interfaces/include/tutorial_interfaces/msg/detail/sphere__struct.h
[2.952s] -- Installing: /home/yzyrobot/dev_ws/src/tutorial_interfaces/install/tutorial_interfaces/include/tutorial_interfaces/msg/rosidl_generator_c__visibility_control.h
[2.952s] -- Installing: /home/yzyrobot/dev_ws/src/tutorial_interfaces/install/tutorial_interfaces/include/tutorial_interfaces/msg/num.h
[2.952s] -- Installing: /home/yzyrobot/dev_ws/src/tutorial_interfaces/install/tutorial_interfaces/include/tutorial_interfaces/msg/sphere.h
[2.952s] -- Installing: /home/yzyrobot/dev_ws/src/tutorial_interfaces/install/tutorial_interfaces/include/tutorial_interfaces/srv
[2.952s] -- Installing: /home/yzyrobot/dev_ws/src/tutorial_interfaces/install/tutorial_interfaces/include/tutorial_interfaces/srv/detail
[2.953s] -- Installing: /home/yzyrobot/dev_ws/src/tutorial_interfaces/install/tutorial_interfaces/include/tutorial_interfaces/srv/detail/add_three_ints__struct.h
[2.953s] -- Installing: /home/yzyrobot/dev_ws/src/tutorial_interfaces/install/tutorial_interfaces/include/tutorial_interfaces/srv/detail/add_three_ints__type_support.h
[2.953s] -- Installing: /home/yzyrobot/dev_ws/src/tutorial_interfaces/install/tutorial_interfaces/include/tutorial_interfaces/srv/detail/add_three_ints__functions.h
[2.953s] -- Installing: /home/yzyrobot/dev_ws/src/tutorial_interfaces/install/tutorial_interfaces/include/tutorial_interfaces/srv/detail/add_three_ints__functions.c
[2.953s] -- Installing: /home/yzyrobot/dev_ws/src/tutorial_interfaces/install/tutorial_interfaces/include/tutorial_interfaces/srv/add_three_ints.h
[2.953s] -- Installing: /home/yzyrobot/dev_ws/src/tutorial_interfaces/install/tutorial_interfaces/share/tutorial_interfaces/environment/library_path.sh
[2.953s] -- Installing: /home/yzyrobot/dev_ws/src/tutorial_interfaces/install/tutorial_interfaces/share/tutorial_interfaces/environment/library_path.dsv
[2.953s] -- Installing: /home/yzyrobot/dev_ws/src/tutorial_interfaces/install/tutorial_interfaces/lib/libtutorial_interfaces__rosidl_generator_c.so
[2.953s] -- Set runtime path of "/home/yzyrobot/dev_ws/src/tutorial_interfaces/install/tutorial_interfaces/lib/libtutorial_interfaces__rosidl_generator_c.so" to ""
[2.953s] -- Up-to-date: /home/yzyrobot/dev_ws/src/tutorial_interfaces/install/tutorial_interfaces/include/tutorial_interfaces
[2.953s] -- Up-to-date: /home/yzyrobot/dev_ws/src/tutorial_interfaces/install/tutorial_interfaces/include/tutorial_interfaces/msg
[2.953s] -- Up-to-date: /home/yzyrobot/dev_ws/src/tutorial_interfaces/install/tutorial_interfaces/include/tutorial_interfaces/msg/detail
[2.953s] -- Installing: /home/yzyrobot/dev_ws/src/tutorial_interfaces/install/tutorial_interfaces/include/tutorial_interfaces/msg/detail/sphere__rosidl_typesupport_fastrtps_c.h
[2.953s] -- Installing: /home/yzyrobot/dev_ws/src/tutorial_interfaces/install/tutorial_interfaces/include/tutorial_interfaces/msg/detail/num__rosidl_typesupport_fastrtps_c.h
[2.953s] -- Installing: /home/yzyrobot/dev_ws/src/tutorial_interfaces/install/tutorial_interfaces/include/tutorial_interfaces/msg/rosidl_typesupport_fastrtps_c__visibility_control.h
[2.953s] -- Up-to-date: /home/yzyrobot/dev_ws/src/tutorial_interfaces/install/tutorial_interfaces/include/tutorial_interfaces/srv
[2.953s] -- Up-to-date: /home/yzyrobot/dev_ws/src/tutorial_interfaces/install/tutorial_interfaces/include/tutorial_interfaces/srv/detail
[2.953s] -- Installing: /home/yzyrobot/dev_ws/src/tutorial_interfaces/install/tutorial_interfaces/include/tutorial_interfaces/srv/detail/add_three_ints__rosidl_typesupport_fastrtps_c.h
[2.953s] -- Installing: /home/yzyrobot/dev_ws/src/tutorial_interfaces/install/tutorial_interfaces/lib/libtutorial_interfaces__rosidl_typesupport_fastrtps_c.so
[2.953s] -- Set runtime path of "/home/yzyrobot/dev_ws/src/tutorial_interfaces/install/tutorial_interfaces/lib/libtutorial_interfaces__rosidl_typesupport_fastrtps_c.so" to ""
[2.953s] -- Up-to-date: /home/yzyrobot/dev_ws/src/tutorial_interfaces/install/tutorial_interfaces/include/tutorial_interfaces
[2.953s] -- Up-to-date: /home/yzyrobot/dev_ws/src/tutorial_interfaces/install/tutorial_interfaces/include/tutorial_interfaces/msg
[2.953s] -- Installing: /home/yzyrobot/dev_ws/src/tutorial_interfaces/install/tutorial_interfaces/include/tutorial_interfaces/msg/rosidl_typesupport_fastrtps_cpp__visibility_control.h
[2.953s] -- Up-to-date: /home/yzyrobot/dev_ws/src/tutorial_interfaces/install/tutorial_interfaces/include/tutorial_interfaces/msg/detail
[2.954s] -- Installing: /home/yzyrobot/dev_ws/src/tutorial_interfaces/install/tutorial_interfaces/include/tutorial_interfaces/msg/detail/sphere__rosidl_typesupport_fastrtps_cpp.hpp
[2.954s] -- Installing: /home/yzyrobot/dev_ws/src/tutorial_interfaces/install/tutorial_interfaces/include/tutorial_interfaces/msg/detail/num__rosidl_typesupport_fastrtps_cpp.hpp
[2.954s] -- Installing: /home/yzyrobot/dev_ws/src/tutorial_interfaces/install/tutorial_interfaces/include/tutorial_interfaces/msg/detail/dds_fastrtps
[2.954s] -- Up-to-date: /home/yzyrobot/dev_ws/src/tutorial_interfaces/install/tutorial_interfaces/include/tutorial_interfaces/srv
[2.954s] -- Up-to-date: /home/yzyrobot/dev_ws/src/tutorial_interfaces/install/tutorial_interfaces/include/tutorial_interfaces/srv/detail
[2.954s] -- Installing: /home/yzyrobot/dev_ws/src/tutorial_interfaces/install/tutorial_interfaces/include/tutorial_interfaces/srv/detail/dds_fastrtps
[2.954s] -- Installing: /home/yzyrobot/dev_ws/src/tutorial_interfaces/install/tutorial_interfaces/include/tutorial_interfaces/srv/detail/add_three_ints__rosidl_typesupport_fastrtps_cpp.hpp
[2.954s] -- Installing: /home/yzyrobot/dev_ws/src/tutorial_interfaces/install/tutorial_interfaces/lib/libtutorial_interfaces__rosidl_typesupport_fastrtps_cpp.so
[2.954s] -- Set runtime path of "/home/yzyrobot/dev_ws/src/tutorial_interfaces/install/tutorial_interfaces/lib/libtutorial_interfaces__rosidl_typesupport_fastrtps_cpp.so" to ""
[2.954s] -- Up-to-date: /home/yzyrobot/dev_ws/src/tutorial_interfaces/install/tutorial_interfaces/include/tutorial_interfaces
[2.954s] -- Up-to-date: /home/yzyrobot/dev_ws/src/tutorial_interfaces/install/tutorial_interfaces/include/tutorial_interfaces/msg
[2.954s] -- Up-to-date: /home/yzyrobot/dev_ws/src/tutorial_interfaces/install/tutorial_interfaces/include/tutorial_interfaces/msg/detail
[2.954s] -- Installing: /home/yzyrobot/dev_ws/src/tutorial_interfaces/install/tutorial_interfaces/include/tutorial_interfaces/msg/detail/num__type_support.c
[2.954s] -- Installing: /home/yzyrobot/dev_ws/src/tutorial_interfaces/install/tutorial_interfaces/include/tutorial_interfaces/msg/detail/sphere__rosidl_typesupport_introspection_c.h
[2.954s] -- Installing: /home/yzyrobot/dev_ws/src/tutorial_interfaces/install/tutorial_interfaces/include/tutorial_interfaces/msg/detail/num__rosidl_typesupport_introspection_c.h
[2.954s] -- Installing: /home/yzyrobot/dev_ws/src/tutorial_interfaces/install/tutorial_interfaces/include/tutorial_interfaces/msg/detail/sphere__type_support.c
[2.954s] -- Installing: /home/yzyrobot/dev_ws/src/tutorial_interfaces/install/tutorial_interfaces/include/tutorial_interfaces/msg/rosidl_typesupport_introspection_c__visibility_control.h
[2.954s] -- Up-to-date: /home/yzyrobot/dev_ws/src/tutorial_interfaces/install/tutorial_interfaces/include/tutorial_interfaces/srv
[2.954s] -- Up-to-date: /home/yzyrobot/dev_ws/src/tutorial_interfaces/install/tutorial_interfaces/include/tutorial_interfaces/srv/detail
[2.954s] -- Installing: /home/yzyrobot/dev_ws/src/tutorial_interfaces/install/tutorial_interfaces/include/tutorial_interfaces/srv/detail/add_three_ints__type_support.c
[2.954s] -- Installing: /home/yzyrobot/dev_ws/src/tutorial_interfaces/install/tutorial_interfaces/include/tutorial_interfaces/srv/detail/add_three_ints__rosidl_typesupport_introspection_c.h
[2.954s] -- Installing: /home/yzyrobot/dev_ws/src/tutorial_interfaces/install/tutorial_interfaces/lib/libtutorial_interfaces__rosidl_typesupport_introspection_c.so
[2.954s] -- Set runtime path of "/home/yzyrobot/dev_ws/src/tutorial_interfaces/install/tutorial_interfaces/lib/libtutorial_interfaces__rosidl_typesupport_introspection_c.so" to ""
[2.954s] -- Installing: /home/yzyrobot/dev_ws/src/tutorial_interfaces/install/tutorial_interfaces/lib/libtutorial_interfaces__rosidl_typesupport_c.so
[2.954s] -- Set runtime path of "/home/yzyrobot/dev_ws/src/tutorial_interfaces/install/tutorial_interfaces/lib/libtutorial_interfaces__rosidl_typesupport_c.so" to ""
[2.955s] -- Up-to-date: /home/yzyrobot/dev_ws/src/tutorial_interfaces/install/tutorial_interfaces/include/tutorial_interfaces
[2.955s] -- Up-to-date: /home/yzyrobot/dev_ws/src/tutorial_interfaces/install/tutorial_interfaces/include/tutorial_interfaces/msg
[2.955s] -- Up-to-date: /home/yzyrobot/dev_ws/src/tutorial_interfaces/install/tutorial_interfaces/include/tutorial_interfaces/msg/detail
[2.955s] -- Installing: /home/yzyrobot/dev_ws/src/tutorial_interfaces/install/tutorial_interfaces/include/tutorial_interfaces/msg/detail/num__builder.hpp
[2.955s] -- Installing: /home/yzyrobot/dev_ws/src/tutorial_interfaces/install/tutorial_interfaces/include/tutorial_interfaces/msg/detail/sphere__builder.hpp
[2.955s] -- Installing: /home/yzyrobot/dev_ws/src/tutorial_interfaces/install/tutorial_interfaces/include/tutorial_interfaces/msg/detail/num__struct.hpp
[2.955s] -- Installing: /home/yzyrobot/dev_ws/src/tutorial_interfaces/install/tutorial_interfaces/include/tutorial_interfaces/msg/detail/sphere__struct.hpp
[2.955s] -- Installing: /home/yzyrobot/dev_ws/src/tutorial_interfaces/install/tutorial_interfaces/include/tutorial_interfaces/msg/detail/sphere__traits.hpp
[2.955s] -- Installing: /home/yzyrobot/dev_ws/src/tutorial_interfaces/install/tutorial_interfaces/include/tutorial_interfaces/msg/detail/num__traits.hpp
[2.955s] -- Installing: /home/yzyrobot/dev_ws/src/tutorial_interfaces/install/tutorial_interfaces/include/tutorial_interfaces/msg/num.hpp
[2.955s] -- Installing: /home/yzyrobot/dev_ws/src/tutorial_interfaces/install/tutorial_interfaces/include/tutorial_interfaces/msg/sphere.hpp
[2.955s] -- Up-to-date: /home/yzyrobot/dev_ws/src/tutorial_interfaces/install/tutorial_interfaces/include/tutorial_interfaces/srv
[2.955s] -- Up-to-date: /home/yzyrobot/dev_ws/src/tutorial_interfaces/install/tutorial_interfaces/include/tutorial_interfaces/srv/detail
[2.955s] -- Installing: /home/yzyrobot/dev_ws/src/tutorial_interfaces/install/tutorial_interfaces/include/tutorial_interfaces/srv/detail/add_three_ints__traits.hpp
[2.955s] -- Installing: /home/yzyrobot/dev_ws/src/tutorial_interfaces/install/tutorial_interfaces/include/tutorial_interfaces/srv/detail/add_three_ints__struct.hpp
[2.955s] -- Installing: /home/yzyrobot/dev_ws/src/tutorial_interfaces/install/tutorial_interfaces/include/tutorial_interfaces/srv/detail/add_three_ints__builder.hpp
[2.955s] -- Installing: /home/yzyrobot/dev_ws/src/tutorial_interfaces/install/tutorial_interfaces/include/tutorial_interfaces/srv/add_three_ints.hpp
[2.955s] -- Up-to-date: /home/yzyrobot/dev_ws/src/tutorial_interfaces/install/tutorial_interfaces/include/tutorial_interfaces
[2.955s] -- Up-to-date: /home/yzyrobot/dev_ws/src/tutorial_interfaces/install/tutorial_interfaces/include/tutorial_interfaces/msg
[2.955s] -- Up-to-date: /home/yzyrobot/dev_ws/src/tutorial_interfaces/install/tutorial_interfaces/include/tutorial_interfaces/msg/detail
[2.955s] -- Installing: /home/yzyrobot/dev_ws/src/tutorial_interfaces/install/tutorial_interfaces/include/tutorial_interfaces/msg/detail/num__rosidl_typesupport_introspection_cpp.hpp
[2.955s] -- Installing: /home/yzyrobot/dev_ws/src/tutorial_interfaces/install/tutorial_interfaces/include/tutorial_interfaces/msg/detail/sphere__rosidl_typesupport_introspection_cpp.hpp
[2.956s] -- Installing: /home/yzyrobot/dev_ws/src/tutorial_interfaces/install/tutorial_interfaces/include/tutorial_interfaces/msg/detail/num__type_support.cpp
[2.956s] -- Installing: /home/yzyrobot/dev_ws/src/tutorial_interfaces/install/tutorial_interfaces/include/tutorial_interfaces/msg/detail/sphere__type_support.cpp
[2.956s] -- Up-to-date: /home/yzyrobot/dev_ws/src/tutorial_interfaces/install/tutorial_interfaces/include/tutorial_interfaces/srv
[2.956s] -- Up-to-date: /home/yzyrobot/dev_ws/src/tutorial_interfaces/install/tutorial_interfaces/include/tutorial_interfaces/srv/detail
[2.956s] -- Installing: /home/yzyrobot/dev_ws/src/tutorial_interfaces/install/tutorial_interfaces/include/tutorial_interfaces/srv/detail/add_three_ints__rosidl_typesupport_introspection_cpp.hpp
[2.956s] -- Installing: /home/yzyrobot/dev_ws/src/tutorial_interfaces/install/tutorial_interfaces/include/tutorial_interfaces/srv/detail/add_three_ints__type_support.cpp
[2.956s] -- Installing: /home/yzyrobot/dev_ws/src/tutorial_interfaces/install/tutorial_interfaces/lib/libtutorial_interfaces__rosidl_typesupport_introspection_cpp.so
[2.956s] -- Set runtime path of "/home/yzyrobot/dev_ws/src/tutorial_interfaces/install/tutorial_interfaces/lib/libtutorial_interfaces__rosidl_typesupport_introspection_cpp.so" to ""
[2.956s] -- Installing: /home/yzyrobot/dev_ws/src/tutorial_interfaces/install/tutorial_interfaces/lib/libtutorial_interfaces__rosidl_typesupport_cpp.so
[2.956s] -- Set runtime path of "/home/yzyrobot/dev_ws/src/tutorial_interfaces/install/tutorial_interfaces/lib/libtutorial_interfaces__rosidl_typesupport_cpp.so" to ""
[2.956s] -- Installing: /home/yzyrobot/dev_ws/src/tutorial_interfaces/install/tutorial_interfaces/share/tutorial_interfaces/environment/pythonpath.sh
[2.956s] -- Installing: /home/yzyrobot/dev_ws/src/tutorial_interfaces/install/tutorial_interfaces/share/tutorial_interfaces/environment/pythonpath.dsv
[2.956s] -- Installing: /home/yzyrobot/dev_ws/src/tutorial_interfaces/install/tutorial_interfaces/lib/python3.8/site-packages/tutorial_interfaces/__init__.py
[2.974s] Compiling '/home/yzyrobot/dev_ws/src/tutorial_interfaces/install/tutorial_interfaces/lib/python3.8/site-packages/tutorial_interfaces/__init__.py'...
[2.976s] -- Installing: /home/yzyrobot/dev_ws/src/tutorial_interfaces/install/tutorial_interfaces/lib/python3.8/site-packages/tutorial_interfaces/msg
[2.976s] -- Installing: /home/yzyrobot/dev_ws/src/tutorial_interfaces/install/tutorial_interfaces/lib/python3.8/site-packages/tutorial_interfaces/msg/_sphere_s.c
[2.976s] -- Installing: /home/yzyrobot/dev_ws/src/tutorial_interfaces/install/tutorial_interfaces/lib/python3.8/site-packages/tutorial_interfaces/msg/_sphere.py
[2.976s] -- Installing: /home/yzyrobot/dev_ws/src/tutorial_interfaces/install/tutorial_interfaces/lib/python3.8/site-packages/tutorial_interfaces/msg/_num.py
[2.977s] -- Installing: /home/yzyrobot/dev_ws/src/tutorial_interfaces/install/tutorial_interfaces/lib/python3.8/site-packages/tutorial_interfaces/msg/__init__.py
[2.977s] -- Installing: /home/yzyrobot/dev_ws/src/tutorial_interfaces/install/tutorial_interfaces/lib/python3.8/site-packages/tutorial_interfaces/msg/_num_s.c
[2.977s] -- Installing: /home/yzyrobot/dev_ws/src/tutorial_interfaces/install/tutorial_interfaces/lib/python3.8/site-packages/tutorial_interfaces/srv
[2.977s] -- Installing: /home/yzyrobot/dev_ws/src/tutorial_interfaces/install/tutorial_interfaces/lib/python3.8/site-packages/tutorial_interfaces/srv/_add_three_ints_s.c
[2.977s] -- Installing: /home/yzyrobot/dev_ws/src/tutorial_interfaces/install/tutorial_interfaces/lib/python3.8/site-packages/tutorial_interfaces/srv/__init__.py
[2.977s] -- Installing: /home/yzyrobot/dev_ws/src/tutorial_interfaces/install/tutorial_interfaces/lib/python3.8/site-packages/tutorial_interfaces/srv/_add_three_ints.py
[2.977s] -- Installing: /home/yzyrobot/dev_ws/src/tutorial_interfaces/install/tutorial_interfaces/lib/python3.8/site-packages/tutorial_interfaces/tutorial_interfaces_s__rosidl_typesupport_fastrtps_c.cpython-38-x86_64-linux-gnu.so
[2.977s] -- Set runtime path of "/home/yzyrobot/dev_ws/src/tutorial_interfaces/install/tutorial_interfaces/lib/python3.8/site-packages/tutorial_interfaces/tutorial_interfaces_s__rosidl_typesupport_fastrtps_c.cpython-38-x86_64-linux-gnu.so" to ""
[2.977s] -- Installing: /home/yzyrobot/dev_ws/src/tutorial_interfaces/install/tutorial_interfaces/lib/python3.8/site-packages/tutorial_interfaces/tutorial_interfaces_s__rosidl_typesupport_introspection_c.cpython-38-x86_64-linux-gnu.so
[2.978s] -- Set runtime path of "/home/yzyrobot/dev_ws/src/tutorial_interfaces/install/tutorial_interfaces/lib/python3.8/site-packages/tutorial_interfaces/tutorial_interfaces_s__rosidl_typesupport_introspection_c.cpython-38-x86_64-linux-gnu.so" to ""
[2.978s] -- Installing: /home/yzyrobot/dev_ws/src/tutorial_interfaces/install/tutorial_interfaces/lib/python3.8/site-packages/tutorial_interfaces/tutorial_interfaces_s__rosidl_typesupport_c.cpython-38-x86_64-linux-gnu.so
[2.978s] -- Set runtime path of "/home/yzyrobot/dev_ws/src/tutorial_interfaces/install/tutorial_interfaces/lib/python3.8/site-packages/tutorial_interfaces/tutorial_interfaces_s__rosidl_typesupport_c.cpython-38-x86_64-linux-gnu.so" to ""
[2.978s] -- Installing: /home/yzyrobot/dev_ws/src/tutorial_interfaces/install/tutorial_interfaces/lib/libtutorial_interfaces__python.so
[2.978s] -- Set runtime path of "/home/yzyrobot/dev_ws/src/tutorial_interfaces/install/tutorial_interfaces/lib/libtutorial_interfaces__python.so" to ""
[2.978s] -- Installing: /home/yzyrobot/dev_ws/src/tutorial_interfaces/install/tutorial_interfaces/share/tutorial_interfaces/msg/Num.idl
[2.978s] -- Installing: /home/yzyrobot/dev_ws/src/tutorial_interfaces/install/tutorial_interfaces/share/tutorial_interfaces/msg/Sphere.idl
[2.978s] -- Installing: /home/yzyrobot/dev_ws/src/tutorial_interfaces/install/tutorial_interfaces/share/tutorial_interfaces/srv/AddThreeInts.idl
[2.978s] -- Installing: /home/yzyrobot/dev_ws/src/tutorial_interfaces/install/tutorial_interfaces/share/tutorial_interfaces/msg/Num.msg
[2.978s] -- Installing: /home/yzyrobot/dev_ws/src/tutorial_interfaces/install/tutorial_interfaces/share/tutorial_interfaces/msg/Sphere.msg
[2.978s] -- Installing: /home/yzyrobot/dev_ws/src/tutorial_interfaces/install/tutorial_interfaces/share/tutorial_interfaces/srv/AddThreeInts.srv
[2.979s] -- Installing: /home/yzyrobot/dev_ws/src/tutorial_interfaces/install/tutorial_interfaces/share/tutorial_interfaces/srv/AddThreeInts_Request.msg
[2.979s] -- Installing: /home/yzyrobot/dev_ws/src/tutorial_interfaces/install/tutorial_interfaces/share/tutorial_interfaces/srv/AddThreeInts_Response.msg
[2.979s] -- Installing: /home/yzyrobot/dev_ws/src/tutorial_interfaces/install/tutorial_interfaces/share/ament_index/resource_index/package_run_dependencies/tutorial_interfaces
[2.979s] -- Installing: /home/yzyrobot/dev_ws/src/tutorial_interfaces/install/tutorial_interfaces/share/ament_index/resource_index/parent_prefix_path/tutorial_interfaces
[2.979s] -- Installing: /home/yzyrobot/dev_ws/src/tutorial_interfaces/install/tutorial_interfaces/share/tutorial_interfaces/environment/ament_prefix_path.sh
[2.979s] -- Installing: /home/yzyrobot/dev_ws/src/tutorial_interfaces/install/tutorial_interfaces/share/tutorial_interfaces/environment/ament_prefix_path.dsv
[2.979s] -- Installing: /home/yzyrobot/dev_ws/src/tutorial_interfaces/install/tutorial_interfaces/share/tutorial_interfaces/environment/path.sh
[2.979s] -- Installing: /home/yzyrobot/dev_ws/src/tutorial_interfaces/install/tutorial_interfaces/share/tutorial_interfaces/environment/path.dsv
[2.979s] -- Installing: /home/yzyrobot/dev_ws/src/tutorial_interfaces/install/tutorial_interfaces/share/tutorial_interfaces/local_setup.bash
[2.979s] -- Installing: /home/yzyrobot/dev_ws/src/tutorial_interfaces/install/tutorial_interfaces/share/tutorial_interfaces/local_setup.sh
[2.979s] -- Installing: /home/yzyrobot/dev_ws/src/tutorial_interfaces/install/tutorial_interfaces/share/tutorial_interfaces/local_setup.zsh
[2.979s] -- Installing: /home/yzyrobot/dev_ws/src/tutorial_interfaces/install/tutorial_interfaces/share/tutorial_interfaces/local_setup.dsv
[2.979s] -- Installing: /home/yzyrobot/dev_ws/src/tutorial_interfaces/install/tutorial_interfaces/share/tutorial_interfaces/package.dsv
[2.979s] -- Installing: /home/yzyrobot/dev_ws/src/tutorial_interfaces/install/tutorial_interfaces/share/ament_index/resource_index/packages/tutorial_interfaces
[2.980s] -- Installing: /home/yzyrobot/dev_ws/src/tutorial_interfaces/install/tutorial_interfaces/share/tutorial_interfaces/cmake/tutorial_interfaces__rosidl_generator_cExport.cmake
[2.980s] -- Installing: /home/yzyrobot/dev_ws/src/tutorial_interfaces/install/tutorial_interfaces/share/tutorial_interfaces/cmake/tutorial_interfaces__rosidl_generator_cExport-noconfig.cmake
[2.980s] -- Installing: /home/yzyrobot/dev_ws/src/tutorial_interfaces/install/tutorial_interfaces/share/tutorial_interfaces/cmake/tutorial_interfaces__rosidl_typesupport_introspection_cExport.cmake
[2.980s] -- Installing: /home/yzyrobot/dev_ws/src/tutorial_interfaces/install/tutorial_interfaces/share/tutorial_interfaces/cmake/tutorial_interfaces__rosidl_typesupport_introspection_cExport-noconfig.cmake
[2.980s] -- Installing: /home/yzyrobot/dev_ws/src/tutorial_interfaces/install/tutorial_interfaces/share/tutorial_interfaces/cmake/tutorial_interfaces__rosidl_typesupport_cExport.cmake
[2.980s] -- Installing: /home/yzyrobot/dev_ws/src/tutorial_interfaces/install/tutorial_interfaces/share/tutorial_interfaces/cmake/tutorial_interfaces__rosidl_typesupport_cExport-noconfig.cmake
[2.980s] -- Installing: /home/yzyrobot/dev_ws/src/tutorial_interfaces/install/tutorial_interfaces/share/tutorial_interfaces/cmake/tutorial_interfaces__rosidl_generator_cppExport.cmake
[2.980s] -- Installing: /home/yzyrobot/dev_ws/src/tutorial_interfaces/install/tutorial_interfaces/share/tutorial_interfaces/cmake/tutorial_interfaces__rosidl_typesupport_introspection_cppExport.cmake
[2.980s] -- Installing: /home/yzyrobot/dev_ws/src/tutorial_interfaces/install/tutorial_interfaces/share/tutorial_interfaces/cmake/tutorial_interfaces__rosidl_typesupport_introspection_cppExport-noconfig.cmake
[2.980s] -- Installing: /home/yzyrobot/dev_ws/src/tutorial_interfaces/install/tutorial_interfaces/share/tutorial_interfaces/cmake/tutorial_interfaces__rosidl_typesupport_cppExport.cmake
[2.980s] -- Installing: /home/yzyrobot/dev_ws/src/tutorial_interfaces/install/tutorial_interfaces/share/tutorial_interfaces/cmake/tutorial_interfaces__rosidl_typesupport_cppExport-noconfig.cmake
[2.980s] -- Installing: /home/yzyrobot/dev_ws/src/tutorial_interfaces/install/tutorial_interfaces/share/tutorial_interfaces/cmake/rosidl_cmake-extras.cmake
[2.981s] -- Installing: /home/yzyrobot/dev_ws/src/tutorial_interfaces/install/tutorial_interfaces/share/tutorial_interfaces/cmake/ament_cmake_export_dependencies-extras.cmake
[2.981s] -- Installing: /home/yzyrobot/dev_ws/src/tutorial_interfaces/install/tutorial_interfaces/share/tutorial_interfaces/cmake/ament_cmake_export_libraries-extras.cmake
[2.981s] -- Installing: /home/yzyrobot/dev_ws/src/tutorial_interfaces/install/tutorial_interfaces/share/tutorial_interfaces/cmake/ament_cmake_export_targets-extras.cmake
[2.981s] -- Installing: /home/yzyrobot/dev_ws/src/tutorial_interfaces/install/tutorial_interfaces/share/tutorial_interfaces/cmake/ament_cmake_export_include_directories-extras.cmake
[2.981s] -- Installing: /home/yzyrobot/dev_ws/src/tutorial_interfaces/install/tutorial_interfaces/share/tutorial_interfaces/cmake/rosidl_cmake_export_typesupport_libraries-extras.cmake
[2.981s] -- Installing: /home/yzyrobot/dev_ws/src/tutorial_interfaces/install/tutorial_interfaces/share/tutorial_interfaces/cmake/rosidl_cmake_export_typesupport_targets-extras.cmake
[2.981s] -- Installing: /home/yzyrobot/dev_ws/src/tutorial_interfaces/install/tutorial_interfaces/share/tutorial_interfaces/cmake/tutorial_interfacesConfig.cmake
[2.981s] -- Installing: /home/yzyrobot/dev_ws/src/tutorial_interfaces/install/tutorial_interfaces/share/tutorial_interfaces/cmake/tutorial_interfacesConfig-version.cmake
[2.981s] -- Installing: /home/yzyrobot/dev_ws/src/tutorial_interfaces/install/tutorial_interfaces/share/tutorial_interfaces/package.xml
[2.983s] Invoked command in '/home/yzyrobot/dev_ws/src/tutorial_interfaces/build/tutorial_interfaces' returned '0': CMAKE_PREFIX_PATH=/opt/ros/galactic /usr/bin/cmake --install /home/yzyrobot/dev_ws/src/tutorial_interfaces/build/tutorial_interfaces
